  ShowMainMinue.cpp
C:\Users\SH\source\repos\ShowMainMinue\ShowMainMinue\clsString.h(35,24): warning C4267: '=': conversion from 'size_t' to 'short', possible loss of data
  (compiling source file 'ShowMainMinue.cpp')
  
C:\Users\SH\source\repos\ShowMainMinue\ShowMainMinue\clsString.h(175,19): warning C4267: 'return': conversion from 'size_t' to 'short', possible loss of data
  (compiling source file 'ShowMainMinue.cpp')
  
C:\Users\SH\source\repos\ShowMainMinue\ShowMainMinue\clsString.h(327,23): warning C4267: '=': conversion from 'size_t' to 'short', possible loss of data
  (compiling source file 'ShowMainMinue.cpp')
  
C:\Users\SH\source\repos\ShowMainMinue\ShowMainMinue\clsString.h(359,23): warning C4267: '=': conversion from 'size_t' to 'short', possible loss of data
  (compiling source file 'ShowMainMinue.cpp')
  
C:\Users\SH\source\repos\ShowMainMinue\ShowMainMinue\clsString.h(414,13): warning C4267: 'initializing': conversion from 'size_t' to 'int', possible loss of data
  (compiling source file 'ShowMainMinue.cpp')
  
C:\Users\SH\source\repos\ShowMainMinue\ShowMainMinue\clsString.h(435,17): warning C4267: 'return': conversion from 'size_t' to 'short', possible loss of data
  (compiling source file 'ShowMainMinue.cpp')
  
C:\Users\SH\source\repos\ShowMainMinue\ShowMainMinue\clsString.h(487,12): warning C4267: 'initializing': conversion from 'size_t' to 'short', possible loss of data
  (compiling source file 'ShowMainMinue.cpp')
  
C:\Users\SH\source\repos\ShowMainMinue\ShowMainMinue\clsString.h(493,15): warning C4267: '=': conversion from 'size_t' to 'short', possible loss of data
  (compiling source file 'ShowMainMinue.cpp')
  
C:\Users\SH\source\repos\ShowMainMinue\ShowMainMinue\clsDate.h(967,14): warning C4267: 'initializing': conversion from 'size_t' to 'short', possible loss of data
  (compiling source file 'ShowMainMinue.cpp')
  
C:\Users\SH\source\repos\ShowMainMinue\ShowMainMinue\clsDate.h(972,18): warning C4267: '=': conversion from 'size_t' to 'short', possible loss of data
  (compiling source file 'ShowMainMinue.cpp')
  
  ShowMainMinue.vcxproj -> C:\Users\SH\source\repos\ShowMainMinue\x64\Debug\ShowMainMinue.exe
