  Add_NewCient.cpp
C:\Users\SH\source\repos\Add_NewCient\Add_NewCient\clsString.h(35,24): warning C4267: '=': conversion from 'size_t' to 'short', possible loss of data
  (compiling source file 'Add_NewCient.cpp')
  
C:\Users\SH\source\repos\Add_NewCient\Add_NewCient\clsString.h(175,19): warning C4267: 'return': conversion from 'size_t' to 'short', possible loss of data
  (compiling source file 'Add_NewCient.cpp')
  
C:\Users\SH\source\repos\Add_NewCient\Add_NewCient\clsString.h(327,23): warning C4267: '=': conversion from 'size_t' to 'short', possible loss of data
  (compiling source file 'Add_NewCient.cpp')
  
C:\Users\SH\source\repos\Add_NewCient\Add_NewCient\clsString.h(359,23): warning C4267: '=': conversion from 'size_t' to 'short', possible loss of data
  (compiling source file 'Add_NewCient.cpp')
  
C:\Users\SH\source\repos\Add_NewCient\Add_NewCient\clsString.h(414,13): warning C4267: 'initializing': conversion from 'size_t' to 'int', possible loss of data
  (compiling source file 'Add_NewCient.cpp')
  
C:\Users\SH\source\repos\Add_NewCient\Add_NewCient\clsString.h(435,17): warning C4267: 'return': conversion from 'size_t' to 'short', possible loss of data
  (compiling source file 'Add_NewCient.cpp')
  
C:\Users\SH\source\repos\Add_NewCient\Add_NewCient\clsString.h(487,12): warning C4267: 'initializing': conversion from 'size_t' to 'short', possible loss of data
  (compiling source file 'Add_NewCient.cpp')
  
C:\Users\SH\source\repos\Add_NewCient\Add_NewCient\clsString.h(493,15): warning C4267: '=': conversion from 'size_t' to 'short', possible loss of data
  (compiling source file 'Add_NewCient.cpp')
  
C:\Users\SH\source\repos\Add_NewCient\Add_NewCient\clsDate.h(949,14): warning C4267: 'initializing': conversion from 'size_t' to 'short', possible loss of data
  (compiling source file 'Add_NewCient.cpp')
  
C:\Users\SH\source\repos\Add_NewCient\Add_NewCient\clsDate.h(954,18): warning C4267: '=': conversion from 'size_t' to 'short', possible loss of data
  (compiling source file 'Add_NewCient.cpp')
  
C:\Users\SH\source\repos\Add_NewCient\Add_NewCient\clsInputValidate.h(34,151): warning C4390: ';': empty controlled statement found; is this the intent?
  (compiling source file 'Add_NewCient.cpp')
  
C:\Users\SH\source\repos\Add_NewCient\Add_NewCient\clsBankClient.h(262,1): warning C4715: 'clsBankClient::Save': not all control paths return a value
  Add_NewCient.vcxproj -> C:\Users\SH\source\repos\Add_NewCient\x64\Debug\Add_NewCient.exe
